# JRE version: OpenJDK Runtime Environment Temurin-21.0.10+7 (21.0.10+7) (build 21.0.10+7-LTS)
# Java VM: OpenJDK 64-Bit Server VM Temurin-21.0.10+7 (21.0.10+7-LTS, mixed mode, sharing, tiered, compressed oops, compressed class ptrs, parallel gc, windows-amd64)
GC Precious Log:
 CardTable entry size: 512
 CPUs: 2 total, 2 available
 Memory: 8090M
 Large Page Support: Disabled
 NUMA Support: Disabled
 Compressed Oops: Enabled (32-bit)
 Alignments: Space 512K, Generation 512K, Heap 2M
 Heap Min Capacity: 100M
 Heap Initial Capacity: 100M
 Heap Max Capacity: 2G
 Pre-touch: Disabled
 Parallel Workers: 2
Heap:
 PSYoungGen      total 22528K, used 7977K [0x00000000d5580000, 0x00000000d6f00000, 0x0000000100000000)
  eden space 21504K, 34% used [0x00000000d5580000,0x00000000d5cc6560,0x00000000d6a80000)
  from space 1024K, 51% used [0x00000000d6e00000,0x00000000d6e84030,0x00000000d6f00000)
  to   space 1024K, 0% used [0x00000000d6d00000,0x00000000d6d00000,0x00000000d6e00000)
 ParOldGen       total 68608K, used 31829K [0x0000000080000000, 0x0000000084300000, 0x00000000d5580000)
  object space 68608K, 46% used [0x0000000080000000,0x0000000081f15430,0x0000000084300000)
 Metaspace       used 40644K, committed 41600K, reserved 1114112K
  class space    used 4093K, committed 4544K, reserved 1048576K
GC Heap History (20 events):
Event: 63.640 GC heap before
{Heap before GC invocations=13 (full 1):
 PSYoungGen      total 25088K, used 25073K [0x00000000d5580000, 0x00000000d7300000, 0x0000000100000000)
  eden space 22528K, 100% used [0x00000000d5580000,0x00000000d6b80000,0x00000000d6b80000)
  from space 2560K, 99% used [0x00000000d6d80000,0x00000000d6ffc420,0x00000000d7000000)
  to   space 3072K, 0% used [0x00000000d7000000,0x00000000d7000000,0x00000000d7300000)
 ParOldGen       total 68608K, used 17557K [0x0000000080000000, 0x0000000084300000, 0x00000000d5580000)
  object space 68608K, 25% used [0x0000000080000000,0x0000000081125760,0x0000000084300000)
 Metaspace       used 32809K, committed 33728K, reserved 1114112K
  class space    used 3336K, committed 3712K, reserved 1048576K
}
Event: 63.649 GC heap after
{Heap after GC invocations=13 (full 1):
 PSYoungGen      total 25088K, used 2594K [0x00000000d5580000, 0x00000000d7300000, 0x0000000100000000)
  eden space 22016K, 0% used [0x00000000d5580000,0x00000000d5580000,0x00000000d6b00000)
  from space 3072K, 84% used [0x00000000d7000000,0x00000000d7288810,0x00000000d7300000)
  to   space 3072K, 0% used [0x00000000d6d00000,0x00000000d6d00000,0x00000000d7000000)
 ParOldGen       total 68608K, used 19945K [0x0000000080000000, 0x0000000084300000, 0x00000000d5580000)
  object space 68608K, 29% used [0x0000000080000000,0x000000008137a440,0x0000000084300000)
 Metaspace       used 32809K, committed 33728K, reserved 1114112K
  class space    used 3336K, committed 3712K, reserved 1048576K
}
Event: 64.265 GC heap before
{Heap before GC invocations=14 (full 1):
 PSYoungGen      total 25088K, used 24610K [0x00000000d5580000, 0x00000000d7300000, 0x0000000100000000)
  eden space 22016K, 100% used [0x00000000d5580000,0x00000000d6b00000,0x00000000d6b00000)
  from space 3072K, 84% used [0x00000000d7000000,0x00000000d7288810,0x00000000d7300000)
  to   space 3072K, 0% used [0x00000000d6d00000,0x00000000d6d00000,0x00000000d7000000)
 ParOldGen       total 68608K, used 19945K [0x0000000080000000, 0x0000000084300000, 0x00000000d5580000)
  object space 68608K, 29% used [0x0000000080000000,0x000000008137a440,0x0000000084300000)
 Metaspace       used 32817K, committed 33728K, reserved 1114112K
  class space    used 3336K, committed 3712K, reserved 1048576K
}
Event: 64.273 GC heap after
{Heap after GC invocations=14 (full 1):
 PSYoungGen      total 24576K, used 2340K [0x00000000d5580000, 0x00000000d7080000, 0x0000000100000000)
  eden space 22016K, 0% used [0x00000000d5580000,0x00000000d5580000,0x00000000d6b00000)
  from space 2560K, 91% used [0x00000000d6d00000,0x00000000d6f49000,0x00000000d6f80000)
  to   space 1024K, 0% used [0x00000000d6f80000,0x00000000d6f80000,0x00000000d7080000)
 ParOldGen       total 68608K, used 22393K [0x0000000080000000, 0x0000000084300000, 0x00000000d5580000)
  object space 68608K, 32% used [0x0000000080000000,0x00000000815de450,0x0000000084300000)
 Metaspace       used 32817K, committed 33728K, reserved 1114112K
  class space    used 3336K, committed 3712K, reserved 1048576K
}
Event: 64.786 GC heap before
{Heap before GC invocations=15 (full 1):
 PSYoungGen      total 24576K, used 24356K [0x00000000d5580000, 0x00000000d7080000, 0x0000000100000000)
  eden space 22016K, 100% used [0x00000000d5580000,0x00000000d6b00000,0x00000000d6b00000)
  from space 2560K, 91% used [0x00000000d6d00000,0x00000000d6f49000,0x00000000d6f80000)
  to   space 1024K, 0% used [0x00000000d6f80000,0x00000000d6f80000,0x00000000d7080000)
 ParOldGen       total 68608K, used 22393K [0x0000000080000000, 0x0000000084300000, 0x00000000d5580000)
  object space 68608K, 32% used [0x0000000080000000,0x00000000815de450,0x0000000084300000)
 Metaspace       used 32846K, committed 33728K, reserved 1114112K
  class space    used 3336K, committed 3712K, reserved 1048576K
}
Event: 64.794 GC heap after
{Heap after GC invocations=15 (full 1):
 PSYoungGen      total 22528K, used 992K [0x00000000d5580000, 0x00000000d7500000, 0x0000000100000000)
  eden space 21504K, 0% used [0x00000000d5580000,0x00000000d5580000,0x00000000d6a80000)
  from space 1024K, 96% used [0x00000000d6f80000,0x00000000d7078010,0x00000000d7080000)
  to   space 5120K, 0% used [0x00000000d6a80000,0x00000000d6a80000,0x00000000d6f80000)
 ParOldGen       total 68608K, used 26054K [0x0000000080000000, 0x0000000084300000, 0x00000000d5580000)
  object space 68608K, 37% used [0x0000000080000000,0x0000000081971a78,0x0000000084300000)
 Metaspace       used 32846K, committed 33728K, reserved 1114112K
  class space    used 3336K, committed 3712K, reserved 1048576K
}
Event: 65.415 GC heap before
{Heap before GC invocations=16 (full 1):
 PSYoungGen      total 22528K, used 22496K [0x00000000d5580000, 0x00000000d7500000, 0x0000000100000000)
  eden space 21504K, 100% used [0x00000000d5580000,0x00000000d6a80000,0x00000000d6a80000)
  from space 1024K, 96% used [0x00000000d6f80000,0x00000000d7078010,0x00000000d7080000)
  to   space 5120K, 0% used [0x00000000d6a80000,0x00000000d6a80000,0x00000000d6f80000)
 ParOldGen       total 68608K, used 26054K [0x0000000080000000, 0x0000000084300000, 0x00000000d5580000)
  object space 68608K, 37% used [0x0000000080000000,0x0000000081971a78,0x0000000084300000)
 Metaspace       used 33325K, committed 34240K, reserved 1114112K
  class space    used 3370K, committed 3776K, reserved 1048576K
}
Event: 65.423 GC heap after
{Heap after GC invocations=16 (full 1):
 PSYoungGen      total 26624K, used 4584K [0x00000000d5580000, 0x00000000d7480000, 0x0000000100000000)
  eden space 21504K, 0% used [0x00000000d5580000,0x00000000d5580000,0x00000000d6a80000)
  from space 5120K, 89% used [0x00000000d6a80000,0x00000000d6efa3f8,0x00000000d6f80000)
  to   space 5120K, 0% used [0x00000000d6f80000,0x00000000d6f80000,0x00000000d7480000)
 ParOldGen       total 68608K, used 27054K [0x0000000080000000, 0x0000000084300000, 0x00000000d5580000)
  object space 68608K, 39% used [0x0000000080000000,0x0000000081a6ba88,0x0000000084300000)
 Metaspace       used 33325K, committed 34240K, reserved 1114112K
  class space    used 3370K, committed 3776K, reserved 1048576K
}
Event: 65.981 GC heap before
{Heap before GC invocations=17 (full 1):
 PSYoungGen      total 26624K, used 12945K [0x00000000d5580000, 0x00000000d7480000, 0x0000000100000000)
  eden space 21504K, 38% used [0x00000000d5580000,0x00000000d5daa3b8,0x00000000d6a80000)
  from space 5120K, 89% used [0x00000000d6a80000,0x00000000d6efa3f8,0x00000000d6f80000)
  to   space 5120K, 0% used [0x00000000d6f80000,0x00000000d6f80000,0x00000000d7480000)
 ParOldGen       total 68608K, used 27054K [0x0000000080000000, 0x0000000084300000, 0x00000000d5580000)
  object space 68608K, 39% used [0x0000000080000000,0x0000000081a6ba88,0x0000000084300000)
 Metaspace       used 35006K, committed 35840K, reserved 1114112K
  class space    used 3524K, committed 3904K, reserved 1048576K
}
Event: 65.992 GC heap after
{Heap after GC invocations=17 (full 1):
 PSYoungGen      total 22528K, used 660K [0x00000000d5580000, 0x00000000d7080000, 0x0000000100000000)
  eden space 21504K, 0% used [0x00000000d5580000,0x00000000d5580000,0x00000000d6a80000)
  from space 1024K, 64% used [0x00000000d6f80000,0x00000000d70252e8,0x00000000d7080000)
  to   space 2560K, 0% used [0x00000000d6b80000,0x00000000d6b80000,0x00000000d6e00000)
 ParOldGen       total 68608K, used 31261K [0x0000000080000000, 0x0000000084300000, 0x00000000d5580000)
  object space 68608K, 45% used [0x0000000080000000,0x0000000081e87628,0x0000000084300000)
 Metaspace       used 35006K, committed 35840K, reserved 1114112K
  class space    used 3524K, committed 3904K, reserved 1048576K
}
Event: 65.992 GC heap before
{Heap before GC invocations=18 (full 2):
 PSYoungGen      total 22528K, used 660K [0x00000000d5580000, 0x00000000d7080000, 0x0000000100000000)
  eden space 21504K, 0% used [0x00000000d5580000,0x00000000d5580000,0x00000000d6a80000)
  from space 1024K, 64% used [0x00000000d6f80000,0x00000000d70252e8,0x00000000d7080000)
  to   space 2560K, 0% used [0x00000000d6b80000,0x00000000d6b80000,0x00000000d6e00000)
 ParOldGen       total 68608K, used 31261K [0x0000000080000000, 0x0000000084300000, 0x00000000d5580000)
  object space 68608K, 45% used [0x0000000080000000,0x0000000081e87628,0x0000000084300000)
 Metaspace       used 35006K, committed 35840K, reserved 1114112K
  class space    used 3524K, committed 3904K, reserved 1048576K
}
Event: 66.139 GC heap after
{Heap after GC invocations=18 (full 2):
 PSYoungGen      total 22528K, used 0K [0x00000000d5580000, 0x00000000d7080000, 0x0000000100000000)
  eden space 21504K, 0% used [0x00000000d5580000,0x00000000d5580000,0x00000000d6a80000)
  from space 1024K, 0% used [0x00000000d6f80000,0x00000000d6f80000,0x00000000d7080000)
  to   space 2560K, 0% used [0x00000000d6b80000,0x00000000d6b80000,0x00000000d6e00000)
 ParOldGen       total 68608K, used 29373K [0x0000000080000000, 0x0000000084300000, 0x00000000d5580000)
  object space 68608K, 42% used [0x0000000080000000,0x0000000081caf718,0x0000000084300000)
 Metaspace       used 35006K, committed 35840K, reserved 1114112K
  class space    used 3524K, committed 3904K, reserved 1048576K
}
Event: 67.795 GC heap before
{Heap before GC invocations=19 (full 2):
 PSYoungGen      total 22528K, used 21504K [0x00000000d5580000, 0x00000000d7080000, 0x0000000100000000)
  eden space 21504K, 100% used [0x00000000d5580000,0x00000000d6a80000,0x00000000d6a80000)
  from space 1024K, 0% used [0x00000000d6f80000,0x00000000d6f80000,0x00000000d7080000)
  to   space 2560K, 0% used [0x00000000d6b80000,0x00000000d6b80000,0x00000000d6e00000)
 ParOldGen       total 68608K, used 29373K [0x0000000080000000, 0x0000000084300000, 0x00000000d5580000)
  object space 68608K, 42% used [0x0000000080000000,0x0000000081caf718,0x0000000084300000)
 Metaspace       used 36514K, committed 37504K, reserved 1114112K
  class space    used 3702K, committed 4160K, reserved 1048576K
}
Event: 67.798 GC heap after
{Heap after GC invocations=19 (full 2):
 PSYoungGen      total 24064K, used 1048K [0x00000000d5580000, 0x00000000d7000000, 0x0000000100000000)
  eden space 21504K, 0% used [0x00000000d5580000,0x00000000d5580000,0x00000000d6a80000)
  from space 2560K, 40% used [0x00000000d6b80000,0x00000000d6c862f8,0x00000000d6e00000)
  to   space 1536K, 0% used [0x00000000d6e80000,0x00000000d6e80000,0x00000000d7000000)
 ParOldGen       total 68608K, used 29381K [0x0000000080000000, 0x0000000084300000, 0x00000000d5580000)
  object space 68608K, 42% used [0x0000000080000000,0x0000000081cb1718,0x0000000084300000)
 Metaspace       used 36514K, committed 37504K, reserved 1114112K
  class space    used 3702K, committed 4160K, reserved 1048576K
}
Event: 68.834 GC heap before
{Heap before GC invocations=20 (full 2):
 PSYoungGen      total 24064K, used 22552K [0x00000000d5580000, 0x00000000d7000000, 0x0000000100000000)
  eden space 21504K, 100% used [0x00000000d5580000,0x00000000d6a80000,0x00000000d6a80000)
  from space 2560K, 40% used [0x00000000d6b80000,0x00000000d6c862f8,0x00000000d6e00000)
  to   space 1536K, 0% used [0x00000000d6e80000,0x00000000d6e80000,0x00000000d7000000)
 ParOldGen       total 68608K, used 29381K [0x0000000080000000, 0x0000000084300000, 0x00000000d5580000)
  object space 68608K, 42% used [0x0000000080000000,0x0000000081cb1718,0x0000000084300000)
 Metaspace       used 37590K, committed 38528K, reserved 1114112K
  class space    used 3801K, committed 4224K, reserved 1048576K
}
Event: 68.836 GC heap after
{Heap after GC invocations=20 (full 2):
 PSYoungGen      total 22528K, used 792K [0x00000000d5580000, 0x00000000d6f80000, 0x0000000100000000)
  eden space 21504K, 0% used [0x00000000d5580000,0x00000000d5580000,0x00000000d6a80000)
  from space 1024K, 77% used [0x00000000d6e80000,0x00000000d6f46218,0x00000000d6f80000)
  to   space 1024K, 0% used [0x00000000d6d80000,0x00000000d6d80000,0x00000000d6e80000)
 ParOldGen       total 68608K, used 30275K [0x0000000080000000, 0x0000000084300000, 0x00000000d5580000)
  object space 68608K, 44% used [0x0000000080000000,0x0000000081d90da8,0x0000000084300000)
 Metaspace       used 37590K, committed 38528K, reserved 1114112K
  class space    used 3801K, committed 4224K, reserved 1048576K
}
Event: 69.585 GC heap before
{Heap before GC invocations=21 (full 2):
 PSYoungGen      total 22528K, used 22296K [0x00000000d5580000, 0x00000000d6f80000, 0x0000000100000000)
  eden space 21504K, 100% used [0x00000000d5580000,0x00000000d6a80000,0x00000000d6a80000)
  from space 1024K, 77% used [0x00000000d6e80000,0x00000000d6f46218,0x00000000d6f80000)
  to   space 1024K, 0% used [0x00000000d6d80000,0x00000000d6d80000,0x00000000d6e80000)
 ParOldGen       total 68608K, used 30275K [0x0000000080000000, 0x0000000084300000, 0x00000000d5580000)
  object space 68608K, 44% used [0x0000000080000000,0x0000000081d90da8,0x0000000084300000)
 Metaspace       used 37613K, committed 38592K, reserved 1114112K
  class space    used 3801K, committed 4224K, reserved 1048576K
}
Event: 69.586 GC heap after
{Heap after GC invocations=21 (full 2):
 PSYoungGen      total 22016K, used 489K [0x00000000d5580000, 0x00000000d6f00000, 0x0000000100000000)
  eden space 21504K, 0% used [0x00000000d5580000,0x00000000d5580000,0x00000000d6a80000)
  from space 512K, 95% used [0x00000000d6d80000,0x00000000d6dfa730,0x00000000d6e00000)
  to   space 1024K, 0% used [0x00000000d6e00000,0x00000000d6e00000,0x00000000d6f00000)
 ParOldGen       total 68608K, used 31031K [0x0000000080000000, 0x0000000084300000, 0x00000000d5580000)
  object space 68608K, 45% used [0x0000000080000000,0x0000000081e4df20,0x0000000084300000)
 Metaspace       used 37613K, committed 38592K, reserved 1114112K
  class space    used 3801K, committed 4224K, reserved 1048576K
}
Event: 71.854 GC heap before
{Heap before GC invocations=22 (full 2):
 PSYoungGen      total 22016K, used 21993K [0x00000000d5580000, 0x00000000d6f00000, 0x0000000100000000)
  eden space 21504K, 100% used [0x00000000d5580000,0x00000000d6a80000,0x00000000d6a80000)
  from space 512K, 95% used [0x00000000d6d80000,0x00000000d6dfa730,0x00000000d6e00000)
  to   space 1024K, 0% used [0x00000000d6e00000,0x00000000d6e00000,0x00000000d6f00000)
 ParOldGen       total 68608K, used 31031K [0x0000000080000000, 0x0000000084300000, 0x00000000d5580000)
  object space 68608K, 45% used [0x0000000080000000,0x0000000081e4df20,0x0000000084300000)
 Metaspace       used 39770K, committed 40704K, reserved 1114112K
  class space    used 4001K, committed 4416K, reserved 1048576K
}
Event: 71.856 GC heap after
{Heap after GC invocations=22 (full 2):
 PSYoungGen      total 22528K, used 528K [0x00000000d5580000, 0x00000000d6f00000, 0x0000000100000000)
  eden space 21504K, 0% used [0x00000000d5580000,0x00000000d5580000,0x00000000d6a80000)
  from space 1024K, 51% used [0x00000000d6e00000,0x00000000d6e84030,0x00000000d6f00000)
  to   space 1024K, 0% used [0x00000000d6d00000,0x00000000d6d00000,0x00000000d6e00000)
 ParOldGen       total 68608K, used 31829K [0x0000000080000000, 0x0000000084300000, 0x00000000d5580000)
  object space 68608K, 46% used [0x0000000080000000,0x0000000081f15430,0x0000000084300000)
 Metaspace       used 39770K, committed 40704K, reserved 1114112K
  class space    used 4001K, committed 4416K, reserved 1048576K
}

